<?xml version="1.0" encoding="UTF-8"?>
<!-- Generated by org.testng.reporters.JUnitReportReporter -->
<testsuite hostname="DESKTOP-4UJV51N" failures="0" tests="1" name="cucumber.TestNGTestRunner" time="21.609" errors="0" timestamp="2024-09-16T20:39:37 IST" skipped="0">
  <testcase classname="cucumber.TestNGTestRunner" name="runScenario" time="21.609"/>
  <system-out/>
</testsuite> <!-- cucumber.TestNGTestRunner -->
