<?xml version="1.0" encoding="UTF-8"?>
<!-- Generated by org.testng.reporters.JUnitReportReporter -->
<testsuite hostname="DESKTOP-4UJV51N" failures="0" tests="2" name="seleniumauto.Ecommercepage" time="64.602" errors="0" timestamp="2024-09-16T16:54:55 IST" skipped="0">
  <testcase classname="seleniumauto.Ecommercepage" name="submitorder" time="27.111"/>
  <testcase classname="seleniumauto.Ecommercepage" name="submitorder" time="37.491"/>
</testsuite> <!-- seleniumauto.Ecommercepage -->
